DEBUG:multipart.multipart:Calling on_field_start with no data
DEBUG:multipart.multipart:Calling on_field_name with data[0:4]
DEBUG:multipart.multipart:Calling on_field_data with data[5:9]
DEBUG:multipart.multipart:Calling on_field_end with no data
DEBUG:multipart.multipart:Calling on_field_start with no data
DEBUG:multipart.multipart:Calling on_field_name with data[10:15]
DEBUG:multipart.multipart:Calling on_field_data with data[16:31]
DEBUG:multipart.multipart:Calling on_field_end with no data
DEBUG:multipart.multipart:Calling on_field_start with no data
DEBUG:multipart.multipart:Calling on_field_name with data[32:42]
DEBUG:multipart.multipart:Calling on_field_data with data[43:47]
DEBUG:multipart.multipart:Calling on_field_end with no data
DEBUG:multipart.multipart:Calling on_field_start with no data
DEBUG:multipart.multipart:Calling on_field_name with data[48:58]
DEBUG:multipart.multipart:Calling on_field_data with data[59:63]
DEBUG:multipart.multipart:Calling on_field_end with no data
DEBUG:multipart.multipart:Calling on_field_start with no data
DEBUG:multipart.multipart:Calling on_field_name with data[64:74]
DEBUG:multipart.multipart:Calling on_field_data with data[75:78]
DEBUG:multipart.multipart:Calling on_field_end with no data
DEBUG:multipart.multipart:Calling on_field_start with no data
DEBUG:multipart.multipart:Calling on_field_name with data[79:89]
DEBUG:multipart.multipart:Calling on_field_data with data[90:98]
DEBUG:multipart.multipart:Calling on_field_end with no data
DEBUG:multipart.multipart:Calling on_end with no data
DEBUG:multipart.multipart:Calling on_field_start with no data
DEBUG:multipart.multipart:Calling on_field_name with data[0:4]
DEBUG:multipart.multipart:Calling on_field_data with data[5:10]
DEBUG:multipart.multipart:Calling on_field_end with no data
DEBUG:multipart.multipart:Calling on_field_start with no data
DEBUG:multipart.multipart:Calling on_field_name with data[11:16]
DEBUG:multipart.multipart:Calling on_field_data with data[17:32]
DEBUG:multipart.multipart:Calling on_field_end with no data
DEBUG:multipart.multipart:Calling on_field_start with no data
DEBUG:multipart.multipart:Calling on_field_name with data[33:43]
DEBUG:multipart.multipart:Calling on_field_data with data[44:48]
DEBUG:multipart.multipart:Calling on_field_end with no data
DEBUG:multipart.multipart:Calling on_field_start with no data
DEBUG:multipart.multipart:Calling on_field_name with data[49:59]
DEBUG:multipart.multipart:Calling on_field_data with data[60:64]
DEBUG:multipart.multipart:Calling on_field_end with no data
DEBUG:multipart.multipart:Calling on_field_start with no data
DEBUG:multipart.multipart:Calling on_field_name with data[65:75]
DEBUG:multipart.multipart:Calling on_field_data with data[76:79]
DEBUG:multipart.multipart:Calling on_field_end with no data
DEBUG:multipart.multipart:Calling on_field_start with no data
DEBUG:multipart.multipart:Calling on_field_name with data[80:90]
DEBUG:multipart.multipart:Calling on_field_data with data[91:99]
DEBUG:multipart.multipart:Calling on_field_end with no data
DEBUG:multipart.multipart:Calling on_end with no data
INFO:root:Received form data: name=Joicy, email=acd@gmail.com, question_1=Oily, question_2=Once, question_3=Yes, question_4=Wrinkles
ERROR:root:An error occurred: DatabaseBackend is not running
DEBUG:multipart.multipart:Calling on_field_start with no data
DEBUG:multipart.multipart:Calling on_field_name with data[0:4]
DEBUG:multipart.multipart:Calling on_field_data with data[5:9]
DEBUG:multipart.multipart:Calling on_field_end with no data
DEBUG:multipart.multipart:Calling on_field_start with no data
DEBUG:multipart.multipart:Calling on_field_name with data[10:15]
DEBUG:multipart.multipart:Calling on_field_data with data[16:31]
DEBUG:multipart.multipart:Calling on_field_end with no data
DEBUG:multipart.multipart:Calling on_field_start with no data
DEBUG:multipart.multipart:Calling on_field_name with data[32:42]
DEBUG:multipart.multipart:Calling on_field_data with data[43:47]
DEBUG:multipart.multipart:Calling on_field_end with no data
DEBUG:multipart.multipart:Calling on_field_start with no data
DEBUG:multipart.multipart:Calling on_field_name with data[48:58]
DEBUG:multipart.multipart:Calling on_field_data with data[59:63]
DEBUG:multipart.multipart:Calling on_field_end with no data
DEBUG:multipart.multipart:Calling on_field_start with no data
DEBUG:multipart.multipart:Calling on_field_name with data[64:74]
DEBUG:multipart.multipart:Calling on_field_data with data[75:78]
DEBUG:multipart.multipart:Calling on_field_end with no data
DEBUG:multipart.multipart:Calling on_field_start with no data
DEBUG:multipart.multipart:Calling on_field_name with data[79:89]
DEBUG:multipart.multipart:Calling on_field_data with data[90:98]
DEBUG:multipart.multipart:Calling on_field_end with no data
DEBUG:multipart.multipart:Calling on_end with no data
INFO:root:Received form data: name=Nivi, email=456@gmail.com, question_1=Oily, question_2=Once, question_3=Yes, question_4=Wrinkles
ERROR:root:An error occurred: DatabaseBackend is not running
DEBUG:multipart.multipart:Calling on_field_start with no data
DEBUG:multipart.multipart:Calling on_field_name with data[0:4]
DEBUG:multipart.multipart:Calling on_field_data with data[5:9]
DEBUG:multipart.multipart:Calling on_field_end with no data
DEBUG:multipart.multipart:Calling on_field_start with no data
DEBUG:multipart.multipart:Calling on_field_name with data[10:15]
DEBUG:multipart.multipart:Calling on_field_data with data[16:31]
DEBUG:multipart.multipart:Calling on_field_end with no data
DEBUG:multipart.multipart:Calling on_field_start with no data
DEBUG:multipart.multipart:Calling on_field_name with data[32:42]
DEBUG:multipart.multipart:Calling on_field_data with data[43:47]
DEBUG:multipart.multipart:Calling on_field_end with no data
DEBUG:multipart.multipart:Calling on_field_start with no data
DEBUG:multipart.multipart:Calling on_field_name with data[48:58]
DEBUG:multipart.multipart:Calling on_field_data with data[59:63]
DEBUG:multipart.multipart:Calling on_field_end with no data
DEBUG:multipart.multipart:Calling on_field_start with no data
DEBUG:multipart.multipart:Calling on_field_name with data[64:74]
DEBUG:multipart.multipart:Calling on_field_data with data[75:78]
DEBUG:multipart.multipart:Calling on_field_end with no data
DEBUG:multipart.multipart:Calling on_field_start with no data
DEBUG:multipart.multipart:Calling on_field_name with data[79:89]
DEBUG:multipart.multipart:Calling on_field_data with data[90:98]
DEBUG:multipart.multipart:Calling on_field_end with no data
DEBUG:multipart.multipart:Calling on_end with no data
INFO:root:Received form data: name=Nivi, email=456@gmail.com, question_1=Oily, question_2=Once, question_3=Yes, question_4=Wrinkles
ERROR:root:An error occurred: DatabaseBackend is not running
DEBUG:multipart.multipart:Calling on_field_start with no data
DEBUG:multipart.multipart:Calling on_field_name with data[0:4]
DEBUG:multipart.multipart:Calling on_field_data with data[5:9]
DEBUG:multipart.multipart:Calling on_field_end with no data
DEBUG:multipart.multipart:Calling on_field_start with no data
DEBUG:multipart.multipart:Calling on_field_name with data[10:15]
DEBUG:multipart.multipart:Calling on_field_data with data[16:31]
DEBUG:multipart.multipart:Calling on_field_end with no data
DEBUG:multipart.multipart:Calling on_field_start with no data
DEBUG:multipart.multipart:Calling on_field_name with data[32:42]
DEBUG:multipart.multipart:Calling on_field_data with data[43:47]
DEBUG:multipart.multipart:Calling on_field_end with no data
DEBUG:multipart.multipart:Calling on_field_start with no data
DEBUG:multipart.multipart:Calling on_field_name with data[48:58]
DEBUG:multipart.multipart:Calling on_field_data with data[59:63]
DEBUG:multipart.multipart:Calling on_field_end with no data
DEBUG:multipart.multipart:Calling on_field_start with no data
DEBUG:multipart.multipart:Calling on_field_name with data[64:74]
DEBUG:multipart.multipart:Calling on_field_data with data[75:78]
DEBUG:multipart.multipart:Calling on_field_end with no data
DEBUG:multipart.multipart:Calling on_field_start with no data
DEBUG:multipart.multipart:Calling on_field_name with data[79:89]
DEBUG:multipart.multipart:Calling on_field_data with data[90:98]
DEBUG:multipart.multipart:Calling on_field_end with no data
DEBUG:multipart.multipart:Calling on_end with no data
INFO:root:Received form data: name=Nivi, email=456@gmail.com, question_1=Oily, question_2=Once, question_3=Yes, question_4=Wrinkles
ERROR:root:An error occurred: DatabaseBackend is not running
DEBUG:multipart.multipart:Calling on_field_start with no data
DEBUG:multipart.multipart:Calling on_field_name with data[0:4]
DEBUG:multipart.multipart:Calling on_field_data with data[5:9]
DEBUG:multipart.multipart:Calling on_field_end with no data
DEBUG:multipart.multipart:Calling on_field_start with no data
DEBUG:multipart.multipart:Calling on_field_name with data[10:15]
DEBUG:multipart.multipart:Calling on_field_data with data[16:31]
DEBUG:multipart.multipart:Calling on_field_end with no data
DEBUG:multipart.multipart:Calling on_field_start with no data
DEBUG:multipart.multipart:Calling on_field_name with data[32:42]
DEBUG:multipart.multipart:Calling on_field_data with data[43:47]
DEBUG:multipart.multipart:Calling on_field_end with no data
DEBUG:multipart.multipart:Calling on_field_start with no data
DEBUG:multipart.multipart:Calling on_field_name with data[48:58]
DEBUG:multipart.multipart:Calling on_field_data with data[59:63]
DEBUG:multipart.multipart:Calling on_field_end with no data
DEBUG:multipart.multipart:Calling on_field_start with no data
DEBUG:multipart.multipart:Calling on_field_name with data[64:74]
DEBUG:multipart.multipart:Calling on_field_data with data[75:78]
DEBUG:multipart.multipart:Calling on_field_end with no data
DEBUG:multipart.multipart:Calling on_field_start with no data
DEBUG:multipart.multipart:Calling on_field_name with data[79:89]
DEBUG:multipart.multipart:Calling on_field_data with data[90:98]
DEBUG:multipart.multipart:Calling on_field_end with no data
DEBUG:multipart.multipart:Calling on_end with no data
INFO:root:Received form data: name=Neha, email=def@gmail.com, question_1=Oily, question_2=Once, question_3=Yes, question_4=Wrinkles
ERROR:root:An error occurred: DatabaseBackend is not running
DEBUG:multipart.multipart:Calling on_field_start with no data
DEBUG:multipart.multipart:Calling on_field_name with data[0:4]
DEBUG:multipart.multipart:Calling on_field_data with data[5:9]
DEBUG:multipart.multipart:Calling on_field_end with no data
DEBUG:multipart.multipart:Calling on_field_start with no data
DEBUG:multipart.multipart:Calling on_field_name with data[10:15]
DEBUG:multipart.multipart:Calling on_field_data with data[16:31]
DEBUG:multipart.multipart:Calling on_field_end with no data
DEBUG:multipart.multipart:Calling on_field_start with no data
DEBUG:multipart.multipart:Calling on_field_name with data[32:42]
DEBUG:multipart.multipart:Calling on_field_data with data[43:47]
DEBUG:multipart.multipart:Calling on_field_end with no data
DEBUG:multipart.multipart:Calling on_field_start with no data
DEBUG:multipart.multipart:Calling on_field_name with data[48:58]
DEBUG:multipart.multipart:Calling on_field_data with data[59:63]
DEBUG:multipart.multipart:Calling on_field_end with no data
DEBUG:multipart.multipart:Calling on_field_start with no data
DEBUG:multipart.multipart:Calling on_field_name with data[64:74]
DEBUG:multipart.multipart:Calling on_field_data with data[75:78]
DEBUG:multipart.multipart:Calling on_field_end with no data
DEBUG:multipart.multipart:Calling on_field_start with no data
DEBUG:multipart.multipart:Calling on_field_name with data[79:89]
DEBUG:multipart.multipart:Calling on_field_data with data[90:98]
DEBUG:multipart.multipart:Calling on_field_end with no data
DEBUG:multipart.multipart:Calling on_end with no data
INFO:root:Received form data: name=Neha, email=def@gmail.com, question_1=Oily, question_2=Once, question_3=Yes, question_4=Wrinkles
ERROR:root:An error occurred: DatabaseBackend is not running
DEBUG:multipart.multipart:Calling on_field_start with no data
DEBUG:multipart.multipart:Calling on_field_name with data[0:4]
DEBUG:multipart.multipart:Calling on_field_data with data[5:9]
DEBUG:multipart.multipart:Calling on_field_end with no data
DEBUG:multipart.multipart:Calling on_field_start with no data
DEBUG:multipart.multipart:Calling on_field_name with data[10:15]
DEBUG:multipart.multipart:Calling on_field_data with data[16:31]
DEBUG:multipart.multipart:Calling on_field_end with no data
DEBUG:multipart.multipart:Calling on_field_start with no data
DEBUG:multipart.multipart:Calling on_field_name with data[32:42]
DEBUG:multipart.multipart:Calling on_field_data with data[43:47]
DEBUG:multipart.multipart:Calling on_field_end with no data
DEBUG:multipart.multipart:Calling on_field_start with no data
DEBUG:multipart.multipart:Calling on_field_name with data[48:58]
DEBUG:multipart.multipart:Calling on_field_data with data[59:63]
DEBUG:multipart.multipart:Calling on_field_end with no data
DEBUG:multipart.multipart:Calling on_field_start with no data
DEBUG:multipart.multipart:Calling on_field_name with data[64:74]
DEBUG:multipart.multipart:Calling on_field_data with data[75:78]
DEBUG:multipart.multipart:Calling on_field_end with no data
DEBUG:multipart.multipart:Calling on_field_start with no data
DEBUG:multipart.multipart:Calling on_field_name with data[79:89]
DEBUG:multipart.multipart:Calling on_field_data with data[90:98]
DEBUG:multipart.multipart:Calling on_field_end with no data
DEBUG:multipart.multipart:Calling on_end with no data
INFO:root:Received form data: name=Maha, email=hij@gmail.com, question_1=Oily, question_2=Once, question_3=Yes, question_4=Wrinkles
ERROR:root:An error occurred: DatabaseBackend is not running
DEBUG:multipart.multipart:Calling on_field_start with no data
DEBUG:multipart.multipart:Calling on_field_name with data[0:4]
DEBUG:multipart.multipart:Calling on_field_data with data[5:9]
DEBUG:multipart.multipart:Calling on_field_end with no data
DEBUG:multipart.multipart:Calling on_field_start with no data
DEBUG:multipart.multipart:Calling on_field_name with data[10:15]
DEBUG:multipart.multipart:Calling on_field_data with data[16:31]
DEBUG:multipart.multipart:Calling on_field_end with no data
DEBUG:multipart.multipart:Calling on_field_start with no data
DEBUG:multipart.multipart:Calling on_field_name with data[32:42]
DEBUG:multipart.multipart:Calling on_field_data with data[43:47]
DEBUG:multipart.multipart:Calling on_field_end with no data
DEBUG:multipart.multipart:Calling on_field_start with no data
DEBUG:multipart.multipart:Calling on_field_name with data[48:58]
DEBUG:multipart.multipart:Calling on_field_data with data[59:63]
DEBUG:multipart.multipart:Calling on_field_end with no data
DEBUG:multipart.multipart:Calling on_field_start with no data
DEBUG:multipart.multipart:Calling on_field_name with data[64:74]
DEBUG:multipart.multipart:Calling on_field_data with data[75:78]
DEBUG:multipart.multipart:Calling on_field_end with no data
DEBUG:multipart.multipart:Calling on_field_start with no data
DEBUG:multipart.multipart:Calling on_field_name with data[79:89]
DEBUG:multipart.multipart:Calling on_field_data with data[90:98]
DEBUG:multipart.multipart:Calling on_field_end with no data
DEBUG:multipart.multipart:Calling on_end with no data
INFO:root:Received form data: name=Maha, email=hij@gmail.com, question_1=Oily, question_2=Once, question_3=Yes, question_4=Wrinkles
ERROR:root:An error occurred: DatabaseBackend is not running
DEBUG:multipart.multipart:Calling on_field_start with no data
DEBUG:multipart.multipart:Calling on_field_name with data[0:4]
DEBUG:multipart.multipart:Calling on_field_data with data[5:9]
DEBUG:multipart.multipart:Calling on_field_end with no data
DEBUG:multipart.multipart:Calling on_field_start with no data
DEBUG:multipart.multipart:Calling on_field_name with data[10:15]
DEBUG:multipart.multipart:Calling on_field_data with data[16:31]
DEBUG:multipart.multipart:Calling on_field_end with no data
DEBUG:multipart.multipart:Calling on_field_start with no data
DEBUG:multipart.multipart:Calling on_field_name with data[32:42]
DEBUG:multipart.multipart:Calling on_field_data with data[43:47]
DEBUG:multipart.multipart:Calling on_field_end with no data
DEBUG:multipart.multipart:Calling on_field_start with no data
DEBUG:multipart.multipart:Calling on_field_name with data[48:58]
DEBUG:multipart.multipart:Calling on_field_data with data[59:63]
DEBUG:multipart.multipart:Calling on_field_end with no data
DEBUG:multipart.multipart:Calling on_field_start with no data
DEBUG:multipart.multipart:Calling on_field_name with data[64:74]
DEBUG:multipart.multipart:Calling on_field_data with data[75:78]
DEBUG:multipart.multipart:Calling on_field_end with no data
DEBUG:multipart.multipart:Calling on_field_start with no data
DEBUG:multipart.multipart:Calling on_field_name with data[79:89]
DEBUG:multipart.multipart:Calling on_field_data with data[90:98]
DEBUG:multipart.multipart:Calling on_field_end with no data
DEBUG:multipart.multipart:Calling on_end with no data
INFO:root:Received form data: name=Neha, email=def@gmail.com, question_1=Oily, question_2=Once, question_3=Yes, question_4=Wrinkles
ERROR:root:An error occurred: DatabaseBackend is not running
